mmal: mmal_vc_component_create: failed to create component 'vc.ril.camera' (1:ENOMEM)
mmal: mmal_component_create_core: could not create component 'vc.ril.camera' (1)
Exception in thread Thread-2:
Traceback (most recent call last):
  File "/usr/lib/python3/dist-packages/serial/serialposix.py", line 322, in open
    self.fd = os.open(self.portstr, os.O_RDWR | os.O_NOCTTY | os.O_NONBLOCK)
FileNotFoundError: [Errno 2] No such file or directory: '/dev/ttyACM0'

During handling of the above exception, another exception occurred:

Traceback (most recent call last):
  File "/usr/lib/python3.9/threading.py", line 954, in _bootstrap_inner
    self.run()
  File "/usr/lib/python3.9/threading.py", line 892, in run
    self._target(*self._args, **self._kwargs)
  File "/home/gsa202324/GSA-Flight/gsa_components/gt_u7/gt_u7.py", line 20, in start
    self.ser = serial.Serial(self.serial_port, self.baudrate)
  File "/usr/lib/python3/dist-packages/serial/serialutil.py", line 244, in __init__
    self.open()
  File "/usr/lib/python3/dist-packages/serial/serialposix.py", line 325, in open
    raise SerialException(msg.errno, "could not open port {}: {}".format(self._port, msg))
serial.serialutil.SerialException: [Errno 2] could not open port /dev/ttyACM0: [Errno 2] No such file or directory: '/dev/ttyACM0'
mmal: mmal_vc_component_create: failed to create component 'vc.ril.camera' (1:ENOMEM)
mmal: mmal_component_create_core: could not create component 'vc.ril.camera' (1)
mmal: mmal_vc_component_create: failed to create component 'vc.ril.camera' (1:ENOMEM)
mmal: mmal_component_create_core: could not create component 'vc.ril.camera' (1)
mmal: mmal_vc_component_create: failed to create component 'vc.ril.camera' (1:ENOMEM)
mmal: mmal_component_create_core: could not create component 'vc.ril.camera' (1)
mmal: mmal_vc_component_create: failed to create component 'vc.ril.camera' (1:ENOMEM)
mmal: mmal_component_create_core: could not create component 'vc.ril.camera' (1)
mmal: mmal_vc_component_create: failed to create component 'vc.ril.camera' (1:ENOMEM)
mmal: mmal_component_create_core: could not create component 'vc.ril.camera' (1)
mmal: mmal_vc_component_create: failed to create component 'vc.ril.camera' (1:ENOMEM)
mmal: mmal_component_create_core: could not create component 'vc.ril.camera' (1)
mmal: mmal_vc_component_create: failed to create component 'vc.ril.camera' (1:ENOMEM)
mmal: mmal_component_create_core: could not create component 'vc.ril.camera' (1)
mmal: mmal_vc_component_create: failed to create component 'vc.ril.camera' (1:ENOMEM)
mmal: mmal_component_create_core: could not create component 'vc.ril.camera' (1)
mmal: mmal_vc_component_create: failed to create component 'vc.ril.camera' (1:ENOMEM)
mmal: mmal_component_create_core: could not create component 'vc.ril.camera' (1)
mmal: mmal_vc_component_create: failed to create component 'vc.ril.camera' (1:ENOMEM)
mmal: mmal_component_create_core: could not create component 'vc.ril.camera' (1)
mmal: mmal_vc_component_create: failed to create component 'vc.ril.camera' (1:ENOMEM)
mmal: mmal_component_create_core: could not create component 'vc.ril.camera' (1)
Pi is initializing...
Problem with light sensor 1: [Errno 121] Remote I/O error
Problem with light sensor 2 or 3: [Errno 121] Remote I/O error
Problem with camera: Camera is not enabled. Try running 'sudo raspi-config' and ensure that the camera has been enabled.
Program is running in groundtest mode
Problem with camera: Camera is not enabled. Try running 'sudo raspi-config' and ensure that the camera has been enabled.
Warning: Single iteration in descent took more than 1000ms (took 1014ms)
Pressure: 956.05hPa, temperature: 19.64°C, humidity: 36.0%
Altitude: 487.49m, Speed: -0.08m/s, Average speed: 0.0m/s
Rate of rotation (°/s): 28.657893129770994x -0.5577633587786259y -0.4005725190839695z
Static Acceleration (m/s^2): 0.5099649536132812x 6.196193896484375y -9.306261853027344z
Angle of rotation (°): 33.62x -2.61y
Problem with light sensor 1: [Errno 121] Remote I/O error
Problem with light sensor 2 or 3: [Errno 121] Remote I/O error
Problem with camera: Camera is not enabled. Try running 'sudo raspi-config' and ensure that the camera has been enabled.
Pressure: 956.03hPa, temperature: 19.64°C, humidity: 36.0%
Altitude: 487.66m, Speed: 0.34m/s, Average speed: -0.03m/s
Acceleration: 0.001m/s^2, Average acceleration: 0.0m/s^2
Rate of rotation (°/s): 29.612091603053432x -0.8249389312977099y -0.40820610687022907z
Static Acceleration (m/s^2): 0.5913678100585937x 6.177040283203125y -9.066841687011719z
Angle of rotation (°): 34.21x -3.09y
Problem with light sensor 1: [Errno 121] Remote I/O error
Problem with light sensor 2 or 3: [Errno 121] Remote I/O error
Problem with camera: Camera is not enabled. Try running 'sudo raspi-config' and ensure that the camera has been enabled.
Pressure: 956.04hPa, temperature: 19.65°C, humidity: 36.0%
Altitude: 487.57m, Speed: -0.18m/s, Average speed: 0.09m/s
Acceleration: -0.001m/s^2, Average acceleration: 0.0m/s^2
Rate of rotation (°/s): 29.963236641221375x -1.0463129770992365y -0.44637404580152684z
Static Acceleration (m/s^2): 0.5363011718749999x 6.208164904785156y -9.272743029785156z
Angle of rotation (°): 33.76x -2.75y
Problem with light sensor 1: [Errno 121] Remote I/O error
Problem with light sensor 2 or 3: [Errno 121] Remote I/O error
Problem with camera: Camera is not enabled. Try running 'sudo raspi-config' and ensure that the camera has been enabled.
Pressure: 956.05hPa, temperature: 19.65°C, humidity: 36.0%
Altitude: 487.49m, Speed: -0.16m/s, Average speed: 0.03m/s
Acceleration: 0.0m/s^2, Average acceleration: 0.0m/s^2
Rate of rotation (°/s): 29.68842748091603x -0.6799007633587787y -0.5532442748091604z
Static Acceleration (m/s^2): 0.5147533569335937x 6.263231542968749y -9.241618408203124z
Angle of rotation (°): 34.09x -2.64y
Problem with light sensor 1: [Errno 121] Remote I/O error
Problem with light sensor 2 or 3: [Errno 121] Remote I/O error
Problem with camera: Camera is not enabled. Try running 'sudo raspi-config' and ensure that the camera has been enabled.
Pressure: 956.05hPa, temperature: 19.65°C, humidity: 36.0%
Altitude: 487.49m, Speed: 0.0m/s, Average speed: 0.0m/s
Acceleration: 0.0m/s^2, Average acceleration: 0.0m/s^2
Rate of rotation (°/s): 29.482320610687022x -0.8020381679389313y -0.5150763358778627z
Static Acceleration (m/s^2): 0.5099649536132812x 6.189011291503906y -9.191340173339842z
Angle of rotation (°): 33.91x -2.64y
Problem with light sensor 1: [Errno 121] Remote I/O error
Problem with light sensor 2 or 3: [Errno 121] Remote I/O error
Problem with camera: Camera is not enabled. Try running 'sudo raspi-config' and ensure that the camera has been enabled.
Pressure: 956.05hPa, temperature: 19.65°C, humidity: 35.0%
Altitude: 487.49m, Speed: 0.0m/s, Average speed: -0.11m/s
Acceleration: 0.0m/s^2, Average acceleration: -0.0m/s^2
Rate of rotation (°/s): 30.283847328244274x -1.0463129770992365y -0.33187022900763363z
Static Acceleration (m/s^2): 0.5363011718749999x 6.169857678222656y -9.366116894531249z
Angle of rotation (°): 33.33x -2.74y
Problem with light sensor 1: [Errno 121] Remote I/O error
Problem with light sensor 2 or 3: [Errno 121] Remote I/O error
Problem with camera: Camera is not enabled. Try running 'sudo raspi-config' and ensure that the camera has been enabled.
Pressure: 956.02hPa, temperature: 19.64°C, humidity: 35.0%
Altitude: 487.75m, Speed: 0.52m/s, Average speed: -0.05m/s
Acceleration: 0.001m/s^2, Average acceleration: 0.0m/s^2
Rate of rotation (°/s): 29.87926717557252x -0.9547099236641222y -0.34713740458015274z
Static Acceleration (m/s^2): 0.5147533569335937x 6.193799694824218y -9.323021264648437z
Angle of rotation (°): 33.56x -2.63y
Problem with light sensor 1: [Errno 121] Remote I/O error
Problem with light sensor 2 or 3: [Errno 121] Remote I/O error
Problem with camera: Camera is not enabled. Try running 'sudo raspi-config' and ensure that the camera has been enabled.
Pressure: 956.03hPa, temperature: 19.65°C, humidity: 35.0%
Altitude: 487.66m, Speed: -0.18m/s, Average speed: 0.17m/s
Acceleration: -0.001m/s^2, Average acceleration: 0.0m/s^2
Rate of rotation (°/s): 29.68842748091603x -0.8173053435114505y -0.3700381679389314z
Static Acceleration (m/s^2): 0.5123591552734374x 6.1650692749023435y -9.205705383300781z
Angle of rotation (°): 33.77x -2.65y
Problem with light sensor 1: [Errno 121] Remote I/O error
Problem with light sensor 2 or 3: [Errno 121] Remote I/O error
Problem with camera: Camera is not enabled. Try running 'sudo raspi-config' and ensure that the camera has been enabled.
Pressure: 956.05hPa, temperature: 19.66°C, humidity: 35.0%
Altitude: 487.49m, Speed: -0.34m/s, Average speed: 0.11m/s
Acceleration: -0.0m/s^2, Average acceleration: 0.0m/s^2
Rate of rotation (°/s): 29.276213740458015x -0.8096717557251909y -0.49217557251908406z
Static Acceleration (m/s^2): 0.4908113403320312x 6.198588098144531y -9.253589416503905z
Angle of rotation (°): 33.78x -2.52y
Problem with light sensor 1: [Errno 121] Remote I/O error
Problem with light sensor 2 or 3: [Errno 121] Remote I/O error
Problem with camera: Camera is not enabled. Try running 'sudo raspi-config' and ensure that the camera has been enabled.
Pressure: 956.05hPa, temperature: 19.66°C, humidity: 35.0%
Altitude: 487.49m, Speed: 0.0m/s, Average speed: 0.0m/s
Acceleration: 0.001m/s^2, Average acceleration: 0.0m/s^2
Rate of rotation (°/s): 29.886900763358778x -0.8478396946564886y -0.36240458015267185z
Static Acceleration (m/s^2): 0.6057330200195312x 6.1818286865234375y -9.251195214843749z
Angle of rotation (°): 33.7x -3.12y
Problem with light sensor 1: [Errno 121] Remote I/O error
Problem with light sensor 2 or 3: [Errno 121] Remote I/O error
CanSat has started falling
Problem with light sensor 1: [Errno 121] Remote I/O error
Problem with camera: Camera is not enabled. Try running 'sudo raspi-config' and ensure that the camera has been enabled.
Luminance at sensors (lux): 0 0 0
Solar panel voltage: NoneV
Problem with light sensor 2 or 3: [Errno 121] Remote I/O error
0.0 0
Pressure: 956.06hPa, temperature: 19.66°C, humidity: 35.0%
Altitude: 487.4m, Speed: -0.18m/s, Average speed: -0.17m/s
Acceleration: -0.0m/s^2, Average acceleration: 0.0m/s^2
Rate of rotation (°/s): 40.282442748091604x 0.7175572519083969y 0.7709923664122137z
Static Acceleration (m/s^2): 0.5123591552734374x 6.174646081542968y -9.234435803222656z
Angle of rotation (°): 33.73x -2.64y
Problem with light sensor 1: [Errno 121] Remote I/O error
Problem with light sensor 2 or 3: [Errno 121] Remote I/O error
0.0 0
Problem with light sensor 1: [Errno 121] Remote I/O error
Problem with light sensor 2 or 3: [Errno 121] Remote I/O error
0.0 0
Problem with light sensor 1: [Errno 121] Remote I/O error
Problem with light sensor 2 or 3: [Errno 121] Remote I/O error
0.0 0
Problem with light sensor 1: [Errno 121] Remote I/O error
Problem with light sensor 2 or 3: [Errno 121] Remote I/O error
0.0 0
Problem with light sensor 1: [Errno 121] Remote I/O error
Problem with light sensor 2 or 3: [Errno 121] Remote I/O error
0.0 0
Problem with light sensor 1: [Errno 121] Remote I/O error
Problem with light sensor 2 or 3: [Errno 121] Remote I/O error
0.0 0
Problem with light sensor 1: [Errno 121] Remote I/O error
Problem with light sensor 2 or 3: [Errno 121] Remote I/O errormmal: mmal_vc_component_create: failed to create component 'vc.ril.camera' (1:ENOMEM)
mmal: mmal_component_create_core: could not create component 'vc.ril.camera' (1)
mmal: mmal_vc_component_create: failed to create component 'vc.ril.camera' (1:ENOMEM)
mmal: mmal_component_create_core: could not create component 'vc.ril.camera' (1)

0.0 0
Problem with light sensor 1: [Errno 121] Remote I/O error
Problem with light sensor 2 or 3: [Errno 121] Remote I/O error
0.0 0
Problem with light sensor 1: [Errno 121] Remote I/O error
Problem with light sensor 2 or 3: [Errno 121] Remote I/O error
0.0 0
Problem with light sensor 1: [Errno 121] Remote I/O error
Problem with light sensor 2 or 3: [Errno 121] Remote I/O error
0.0 0
Problem with light sensor 1: [Errno 121] Remote I/O error
Problem with light sensor 2 or 3: [Errno 121] Remote I/O error
0.0 0
Problem with light sensor 1: [Errno 121] Remote I/O error
Problem with light sensor 2 or 3: [Errno 121] Remote I/O error
0.0 0
Problem with light sensor 1: [Errno 121] Remote I/O error
Problem with light sensor 2 or 3: [Errno 121] Remote I/O error
0.0 0
Problem with light sensor 1: [Errno 121] Remote I/O error
Problem with light sensor 2 or 3: [Errno 121] Remote I/O error
0.0 0
Problem with light sensor 1: [Errno 121] Remote I/O error
Problem with light sensor 2 or 3: [Errno 121] Remote I/O error
0.0 0
Problem with light sensor 1: [Errno 121] Remote I/O error
Problem with light sensor 2 or 3: [Errno 121] Remote I/O error
0.0 0
Problem with light sensor 1: [Errno 121] Remote I/O error
Problem with light sensor 2 or 3: [Errno 121] Remote I/O error
0.0 0
Problem with light sensor 1: [Errno 121] Remote I/O error
Problem with light sensor 2 or 3: [Errno 121] Remote I/O error
0.0 0
Problem with light sensor 1: [Errno 121] Remote I/O error
Problem with light sensor 2 or 3: [Errno 121] Remote I/O error
0.0 0
Problem with light sensor 1: [Errno 121] Remote I/O error
Problem with light sensor 2 or 3: [Errno 121] Remote I/O error
0.0 0
Problem with light sensor 1: [Errno 121] Remote I/O error
Problem with light sensor 2 or 3: [Errno 121] Remote I/O error
0.0 0
Problem with light sensor 1: [Errno 121] Remote I/O error
Problem with light sensor 2 or 3: [Errno 121] Remote I/O error
0.0 0
Problem with light sensor 1: [Errno 121] Remote I/O error
Problem with light sensor 2 or 3: [Errno 121] Remote I/O error
0.0 0
Problem with light sensor 1: [Errno 121] Remote I/O error
Problem with light sensor 2 or 3: [Errno 121] Remote I/O error
0.0 0
Problem with light sensor 1: [Errno 121] Remote I/O error
Problem with light sensor 2 or 3: [Errno 121] Remote I/O error
0.0 0
Problem with light sensor 1: [Errno 121] Remote I/O error
Problem with light sensor 2 or 3: [Errno 121] Remote I/O error
0.0 0
Problem with light sensor 1: [Errno 121] Remote I/O error
Problem with light sensor 2 or 3: [Errno 121] Remote I/O error
0.0 0
Problem with light sensor 1: [Errno 121] Remote I/O error
Problem with light sensor 2 or 3: [Errno 121] Remote I/O error
0.0 0
Problem with light sensor 1: [Errno 121] Remote I/O error
Problem with light sensor 2 or 3: [Errno 121] Remote I/O error
0.0 0
Problem with light sensor 1: [Errno 121] Remote I/O error
Problem with light sensor 2 or 3: [Errno 121] Remote I/O error
0.0 0
Problem with light sensor 1: [Errno 121] Remote I/O error
Problem with light sensor 2 or 3: [Errno 121] Remote I/O error
0.0 0
Problem with light sensor 1: [Errno 121] Remote I/O error
Problem with light sensor 2 or 3: [Errno 121] Remote I/O error
0.0 0
Problem with light sensor 1: [Errno 121] Remote I/O error
Problem with camera: Camera is not enabled. Try running 'sudo raspi-config' and ensure that the camera has been enabled.
Luminance at sensors (lux): 0 0 0
Solar panel voltage: 0.612V
Pressure: 956.05hPa, temperature: 19.66°C, humidity: 35.0%
Altitude: 487.49m, Speed: 0.18m/s, Average speed: -0.17m/s
Acceleration: 0.001m/s^2, Average acceleration: 0.0m/s^2
Rate of rotation (°/s): 40.14503816793893x 0.8091603053435115y 0.7480916030534351z
Static Acceleration (m/s^2): 0.5530605834960938x 6.210559106445312y -9.251195214843749z
Angle of rotation (°): 33.83x -2.84y
Problem with light sensor 2 or 3: [Errno 121] Remote I/O error
0.0 0
Problem with light sensor 1: [Errno 121] Remote I/O error
Problem with light sensor 2 or 3: [Errno 121] Remote I/O error
0.0 0
Problem with light sensor 1: [Errno 121] Remote I/O error
Problem with light sensor 2 or 3: [Errno 121] Remote I/O error
0.0 0
Problem with light sensor 1: [Errno 121] Remote I/O error
Problem with light sensor 2 or 3: [Errno 121] Remote I/O error
0.0 0
Problem with light sensor 1: [Errno 121] Remote I/O error
Problem with light sensor 2 or 3: [Errno 121] Remote I/O error
0.0 0
Problem with light sensor 1: [Errno 121] Remote I/O error
Problem with light sensor 2 or 3: [Errno 121] Remote I/O error
0.0 0
Problem with light sensor 1: [Errno 121] Remote I/O error
Problem with light sensor 2 or 3: [Errno 121] Remote I/O error
0.0 0
Problem with light sensor 1: [Errno 121] Remote I/O error
Problem with light sensor 2 or 3: [Errno 121] Remote I/O error
0.0 0
Problem with light sensor 1: [Errno 121] Remote I/O error
Problem with light sensor 2 or 3: [Errno 121] Remote I/O error
0.0 0
Problem with light sensor 1: [Errno 121] Remote I/O error
Problem with light sensor 2 or 3: [Errno 121] Remote I/O error
0.0 0
Problem with light sensor 1: [Errno 121] Remote I/O error
Problem with light sensor 2 or 3: [Errno 121] Remote I/O error
0.0 0
Problem with light sensor 1: [Errno 121] Remote I/O error
Problem with light sensor 2 or 3: [Errno 121] Remote I/O error
0.0 0
Problem with light sensor 1: [Errno 121] Remote I/O error
Problem with light sensor 2 or 3: [Errno 121] Remote I/O error
0.0 0
Problem with light sensor 1: [Errno 121] Remote I/O error
Problem with light sensor 2 or 3: [Errno 121] Remote I/O error
0.0 0
Problem with light sensor 1: [Errno 121] Remote I/O error
Problem with light sensor 2 or 3: [Errno 121] Remote I/O error
0.0 0
Problem with light sensor 1: [Errno 121] Remote I/O error
Problem with light sensor 2 or 3: [Errno 121] Remote I/O error
0.0 0
Problem with light sensor 1: [Errno 121] Remote I/O error
Problem with light sensor 2 or 3: [Errno 121] Remote I/O error
0.0 0
Problem with light sensor 1: [Errno 121] Remote I/O error
Problem with light sensor 2 or 3: [Errno 121] Remote I/O error
0.0 0
Problem with light sensor 1: [Errno 121] Remote I/O error
Problem with light sensor 2 or 3: [Errno 121] Remote I/O error
0.0 0
Problem with light sensor 1: [Errno 121] Remote I/O error
Problem with light sensor 2 or 3: [Errno 121] Remote I/O error
0.0 0
Problem with light sensor 1: [Errno 121] Remote I/O error
Problem with light sensor 2 or 3: [Errno 121] Remote I/O error
0.0 0
Problem with light sensor 1: [Errno 121] Remote I/O error
Problem with light sensor 2 or 3: [Errno 121] Remote I/O error
0.0 0
Problem with light sensor 1: [Errno 121] Remote I/O error
Problem with light sensor 2 or 3: [Errno 121] Remote I/O error
0.0 0
Problem with light sensor 1: [Errno 121] Remote I/O error
Problem with light sensor 2 or 3: [Errno 121] Remote I/O error
0.0 0
Problem with light sensor 1: [Errno 121] Remote I/O error
Problem with light sensor 2 or 3: [Errno 121] Remote I/O error
0.0 0
Problem with light sensor 1: [Errno 121] Remote I/O error
Problem with light sensor 2 or 3: [Errno 121] Remote I/O error
0.0 0
Problem with light sensor 1: [Errno 121] Remote I/O error
Problem with light sensor 2 or 3: [Errno 121] Remote I/O error
0.0 0
Problem with light sensor 1: [Errno 121] Remote I/O error
Problem with light sensor 2 or 3: [Errno 121] Remote I/O error
0.0 0
Problem with light sensor 1: [Errno 121] Remote I/O error
Problem with light sensor 2 or 3: [Errno 121] Remote I/O error
0.0 0
Problem with light sensor 1: [Errno 121] Remote I/O error
Problem with light sensor 2 or 3: [Errno 121] Remote I/O error
0.0 0
Problem with light sensor 1: [Errno 121] Remote I/O error
Problem with light sensor 2 or 3: [Errno 121] Remote I/O error
0.0 0
Problem with light sensor 1: [Errno 121] Remote I/O error
Problem with light sensor 2 or 3: [Errno 121] Remote I/O error
0.0 0
Problem with light sensor 1: [Errno 121] Remote I/O error
Problem with light sensor 2 or 3: [Errno 121] Remote I/O error
0.0 0
Problem with light sensor 1: [Errno 121] Remote I/O error
Problem with light sensor 2 or 3: [Errno 121] Remote I/O error
0.0 0
Problem with camera: Camera is not enabled. Try running 'sudo raspi-config' and ensure that the camera has been enabled.
Luminance at sensors (lux): 0 0 0mmal: mmal_vc_component_create: failed to create component 'vc.ril.camera' (1:ENOMEM)
mmal: mmal_component_create_core: could not create component 'vc.ril.camera' (1)

Solar panel voltage: 0.612V
Pressure: 956.01hPa, temperature: 19.64°C, humidity: 35.0%
Altitude: 487.84m, Speed: 0.7m/s, Average speed: 0.0m/s
Acceleration: 0.001m/s^2, Average acceleration: 0.0m/s^2
Rate of rotation (°/s): 38.88549618320611x 0.5419847328244275y 0.5801526717557252z
Static Acceleration (m/s^2): 0.5506663818359374x 6.196193896484375y -9.313444458007812z
Angle of rotation (°): 33.59x -2.82y
Problem with light sensor 1: [Errno 121] Remote I/O error
Problem with light sensor 2 or 3: [Errno 121] Remote I/O error
0.0 0
Problem with light sensor 1: [Errno 121] Remote I/O error
Problem with light sensor 2 or 3: [Errno 121] Remote I/O error
0.0 0
Problem with light sensor 1: [Errno 121] Remote I/O error
Problem with light sensor 2 or 3: [Errno 121] Remote I/O error
0.0 0
Problem with light sensor 1: [Errno 121] Remote I/O error
Problem with light sensor 2 or 3: [Errno 121] Remote I/O error
0.0 0
Problem with light sensor 1: [Errno 121] Remote I/O error
Problem with light sensor 2 or 3: [Errno 121] Remote I/O error
0.0 0
Problem with light sensor 1: [Errno 121] Remote I/O error
Problem with light sensor 2 or 3: [Errno 121] Remote I/O error
0.0 0
Problem with light sensor 1: [Errno 121] Remote I/O error
Problem with light sensor 2 or 3: [Errno 121] Remote I/O error
0.0 0
Problem with light sensor 1: [Errno 121] Remote I/O error
Problem with light sensor 2 or 3: [Errno 121] Remote I/O error
0.0 0
Problem with light sensor 1: [Errno 121] Remote I/O error
Problem with light sensor 2 or 3: [Errno 121] Remote I/O error
0.0 0
Problem with light sensor 1: [Errno 121] Remote I/O error
Problem with light sensor 2 or 3: [Errno 121] Remote I/O error
0.0 0
Problem with light sensor 1: [Errno 121] Remote I/O error
Problem with light sensor 2 or 3: [Errno 121] Remote I/O error
0.0 0
Problem with light sensor 1: [Errno 121] Remote I/O error
Problem with light sensor 2 or 3: [Errno 121] Remote I/O error
0.0 0
Problem with light sensor 1: [Errno 121] Remote I/O error
Problem with light sensor 2 or 3: [Errno 121] Remote I/O error
0.0 0
Problem with light sensor 1: [Errno 121] Remote I/O error
Problem with light sensor 2 or 3: [Errno 121] Remote I/O error
0.0 0
Problem with light sensor 1: [Errno 121] Remote I/O error
Problem with light sensor 2 or 3: [Errno 121] Remote I/O error
0.0 0
Problem with light sensor 1: [Errno 121] Remote I/O error
Problem with light sensor 2 or 3: [Errno 121] Remote I/O error
0.0 0
Problem with light sensor 1: [Errno 121] Remote I/O error
Problem with light sensor 2 or 3: [Errno 121] Remote I/O error
0.0 0
Problem with light sensor 1: [Errno 121] Remote I/O error
Problem with light sensor 2 or 3: [Errno 121] Remote I/O error
0.0 0
Problem with light sensor 1: [Errno 121] Remote I/O error
Problem with light sensor 2 or 3: [Errno 121] Remote I/O error
0.0 0
Problem with light sensor 1: [Errno 121] Remote I/O error
Problem with light sensor 2 or 3: [Errno 121] Remote I/O error
0.0 0
Problem with light sensor 1: [Errno 121] Remote I/O error
Problem with light sensor 2 or 3: [Errno 121] Remote I/O error
0.0 0
Problem with light sensor 1: [Errno 121] Remote I/O error
Problem with light sensor 2 or 3: [Errno 121] Remote I/O error
0.0 0
Problem with light sensor 1: [Errno 121] Remote I/O error
Problem with light sensor 2 or 3: [Errno 121] Remote I/O error
0.0 0
Problem with light sensor 1: [Errno 121] Remote I/O error
Problem with light sensor 2 or 3: [Errno 121] Remote I/O error
0.0 0
Problem with light sensor 1: [Errno 121] Remote I/O error
Problem with light sensor 2 or 3: [Errno 121] Remote I/O error
0.0 0
Problem with light sensor 1: [Errno 121] Remote I/O error
Problem with light sensor 2 or 3: [Errno 121] Remote I/O error
0.0 0
Problem with light sensor 1: [Errno 121] Remote I/O error
Problem with light sensor 2 or 3: [Errno 121] Remote I/O error
0.0 0
Problem with light sensor 1: [Errno 121] Remote I/O error
Problem with light sensor 2 or 3: [Errno 121] Remote I/O error
0.0 0
Problem with light sensor 1: [Errno 121] Remote I/O error
Problem with light sensor 2 or 3: [Errno 121] Remote I/O error
0.0 0
Problem with light sensor 1: [Errno 121] Remote I/O error
Problem with light sensor 2 or 3: [Errno 121] Remote I/O error
0.0 0
Problem with light sensor 1: [Errno 121] Remote I/O error
Problem with light sensor 2 or 3: [Errno 121] Remote I/O error
0.0 0
Problem with light sensor 1: [Errno 121] Remote I/O error
Problem with light sensor 2 or 3: [Errno 121] Remote I/O error
0.0 0
Problem with light sensor 1: [Errno 121] Remote I/O error
Problem with light sensor 2 or 3: [Errno 121] Remote I/O error
0.0 0
Problem with light sensor 1: [Errno 121] Remote I/O error
Problem with light sensor 2 or 3: [Errno 121] Remote I/O error
0.0 0
Problem with camera: Camera is not enabled. Try running 'sudo raspi-config' and ensure that the camera has been enabled.
Luminance at sensors (lux): 0 0 0
Solar panel voltage: 0.612V
Pressure: 956.03hPa, temperature: 19.65°C, humidity: 35.0%
Altitude: 487.66m, Speed: -0.36m/s, Average speed: 0.23m/s
Acceleration: -0.002m/s^2, Average acceleration: 0.0m/s^2
Rate of rotation (°/s): 37.93129770992366x 1.5267175572519085y 0.2366412213740458z
Static Acceleration (m/s^2): 0.469263525390625x 6.1076084350585935y -9.299079248046874z
Angle of rotation (°): 33.26x -2.42y
Problem with light sensor 1: [Errno 121] Remote I/O error
Problem with light sensor 2 or 3: [Errno 121] Remote I/O error
0.0 0
Problem with light sensor 1: [Errno 121] Remote I/O error
Problem with light sensor 2 or 3: [Errno 121] Remote I/O error
0.0 0
Problem with light sensor 1: [Errno 121] Remote I/O error
Problem with light sensor 2 or 3: [Errno 121] Remote I/O error
0.0 0
Problem with light sensor 1: [Errno 121] Remote I/O error
Problem with light sensor 2 or 3: [Errno 121] Remote I/O error
0.0 0
Problem with light sensor 1: [Errno 121] Remote I/O error
Problem with light sensor 2 or 3: [Errno 121] Remote I/O error
0.0 0
Problem with light sensor 1: [Errno 121] Remote I/O error
Problem with light sensor 2 or 3: [Errno 121] Remote I/O error
0.0 0
Problem with light sensor 1: [Errno 121] Remote I/O error
Problem with light sensor 2 or 3: [Errno 121] Remote I/O error
0.0 0
Problem with light sensor 1: [Errno 121] Remote I/O error
Problem with light sensor 2 or 3: [Errno 121] Remote I/O error
0.0 0
Problem with light sensor 1: [Errno 121] Remote I/O error
Problem with light sensor 2 or 3: [Errno 121] Remote I/O error
0.0 0
Problem with light sensor 1: [Errno 121] Remote I/O error
Problem with light sensor 2 or 3: [Errno 121] Remote I/O error
0.0 0
Problem with light sensor 1: [Errno 121] Remote I/O error
Problem with light sensor 2 or 3: [Errno 121] Remote I/O error
0.0 0
Problem with light sensor 1: [Errno 121] Remote I/O error
Problem with light sensor 2 or 3: [Errno 121] Remote I/O error
0.0 0
Problem with light sensor 1: [Errno 121] Remote I/O error
Problem with light sensor 2 or 3: [Errno 121] Remote I/O error
0.0 0
Problem with light sensor 1: [Errno 121] Remote I/O error
Problem with light sensor 2 or 3: [Errno 121] Remote I/O error
0.0 0
Problem with light sensor 1: [Errno 121] Remote I/O error
Problem with light sensor 2 or 3: [Errno 121] Remote I/O error
0.0 0
Problem with light sensor 1: [Errno 121] Remote I/O error
Problem with light sensor 2 or 3: [Errno 121] Remote I/O error
0.0 0
Problem with light sensor 1: [Errno 121] Remote I/O error
Problem with light sensor 2 or 3: [Errno 121] Remote I/O error
0.0 0
Problem with light sensor 1: [Errno 121] Remote I/O error
Problem with light sensor 2 or 3: [Errno 121] Remote I/O error
0.0 0
Problem with light sensor 1: [Errno 121] Remote I/O error
Problem with light sensor 2 or 3: [Errno 121] Remote I/O error
0.0 0
Problem with light sensor 1: [Errno 121] Remote I/O error
Problem with light sensor 2 or 3: [Errno 121] Remote I/O error
0.0 0
Problem with light sensor 1: [Errno 121] Remote I/O error
Problem with light sensor 2 or 3: [Errno 121] Remote I/O error
0.0 0
Problem with light sensor 1: [Errno 121] Remote I/O error
Problem with light sensor 2 or 3: [Errno 121] Remote I/O error
0.0 0
Problem with light sensor 1: [Errno 121] Remote I/O error
Problem with light sensor 2 or 3: [Errno 121] Remote I/O errormmal: mmal_vc_component_create: failed to create component 'vc.ril.camera' (1:ENOMEM)
mmal: mmal_component_create_core: could not create component 'vc.ril.camera' (1)
mmal: mmal_vc_component_create: failed to create component 'vc.ril.camera' (1:ENOMEM)
mmal: mmal_component_create_core: could not create component 'vc.ril.camera' (1)

0.0 0
Problem with light sensor 1: [Errno 121] Remote I/O error
Problem with light sensor 2 or 3: [Errno 121] Remote I/O error
0.0 0
Problem with light sensor 1: [Errno 121] Remote I/O error
Problem with light sensor 2 or 3: [Errno 121] Remote I/O error
0.0 0
Problem with light sensor 1: [Errno 121] Remote I/O error
Problem with light sensor 2 or 3: [Errno 121] Remote I/O error
0.0 0
Problem with light sensor 1: [Errno 121] Remote I/O error
Problem with light sensor 2 or 3: [Errno 121] Remote I/O error
0.0 0
Problem with light sensor 1: [Errno 121] Remote I/O error
Problem with light sensor 2 or 3: [Errno 121] Remote I/O error
0.0 0
Problem with light sensor 1: [Errno 121] Remote I/O error
Problem with light sensor 2 or 3: [Errno 121] Remote I/O error
0.0 0
Problem with light sensor 1: [Errno 121] Remote I/O error
Problem with light sensor 2 or 3: [Errno 121] Remote I/O error
0.0 0
Problem with light sensor 1: [Errno 121] Remote I/O error
Problem with light sensor 2 or 3: [Errno 121] Remote I/O error
0.0 0
Problem with light sensor 1: [Errno 121] Remote I/O error
Problem with light sensor 2 or 3: [Errno 121] Remote I/O error
0.0 0
Problem with light sensor 1: [Errno 121] Remote I/O error
Problem with light sensor 2 or 3: [Errno 121] Remote I/O error
0.0 0
Problem with light sensor 1: [Errno 121] Remote I/O error
Problem with light sensor 2 or 3: [Errno 121] Remote I/O error
0.0 0
Problem with camera: Camera is not enabled. Try running 'sudo raspi-config' and ensure that the camera has been enabled.
Luminance at sensors (lux): 0 0 0
Solar panel voltage: 0.612V
Pressure: 956.03hPa, temperature: 19.66°C, humidity: 35.0%
Altitude: 487.66m, Speed: 0.0m/s, Average speed: 0.17m/s
Acceleration: 0.001m/s^2, Average acceleration: 0.0m/s^2
Rate of rotation (°/s): 40.81679389312977x 0.3435114503816794y 0.9236641221374046z
Static Acceleration (m/s^2): 0.5578489868164063x 6.157886669921875y -9.277531433105468z
Angle of rotation (°): 33.53x -2.87y
Problem with light sensor 1: [Errno 121] Remote I/O error
Problem with light sensor 2 or 3: [Errno 121] Remote I/O error
0.0 0
Problem with light sensor 1: [Errno 121] Remote I/O error
Problem with light sensor 2 or 3: [Errno 121] Remote I/O error
0.0 0
Problem with light sensor 1: [Errno 121] Remote I/O error
Problem with light sensor 2 or 3: [Errno 121] Remote I/O error
0.0 0
Problem with light sensor 1: [Errno 121] Remote I/O error
Problem with light sensor 2 or 3: [Errno 121] Remote I/O error
0.0 0
Problem with light sensor 1: [Errno 121] Remote I/O error
Problem with light sensor 2 or 3: [Errno 121] Remote I/O error
0.0 0
Problem with light sensor 1: [Errno 121] Remote I/O error
Problem with light sensor 2 or 3: [Errno 121] Remote I/O error
0.0 0
Problem with light sensor 1: [Errno 121] Remote I/O error
Problem with light sensor 2 or 3: [Errno 121] Remote I/O error
0.0 0
Problem with light sensor 1: [Errno 121] Remote I/O error
Problem with light sensor 2 or 3: [Errno 121] Remote I/O error
0.0 0
Problem with light sensor 1: [Errno 121] Remote I/O error
Problem with light sensor 2 or 3: [Errno 121] Remote I/O error
0.0 0
Problem with light sensor 1: [Errno 121] Remote I/O error
Problem with light sensor 2 or 3: [Errno 121] Remote I/O error
0.0 0
Problem with light sensor 1: [Errno 121] Remote I/O error
Problem with light sensor 2 or 3: [Errno 121] Remote I/O error
0.0 0
Problem with light sensor 1: [Errno 121] Remote I/O error
Problem with light sensor 2 or 3: [Errno 121] Remote I/O error
0.0 0
Problem with light sensor 1: [Errno 121] Remote I/O error
Problem with light sensor 2 or 3: [Errno 121] Remote I/O error
0.0 0
Problem with light sensor 1: [Errno 121] Remote I/O error
Problem with light sensor 2 or 3: [Errno 121] Remote I/O error
0.0 0
Problem with light sensor 1: [Errno 121] Remote I/O error
Problem with light sensor 2 or 3: [Errno 121] Remote I/O error
0.0 0
Problem with light sensor 1: [Errno 121] Remote I/O error
Problem with light sensor 2 or 3: [Errno 121] Remote I/O error
0.0 0
Problem with light sensor 1: [Errno 121] Remote I/O error
Problem with light sensor 2 or 3: [Errno 121] Remote I/O error
0.0 0
Problem with light sensor 1: [Errno 121] Remote I/O error
Problem with light sensor 2 or 3: [Errno 121] Remote I/O error
0.0 0
Problem with light sensor 1: [Errno 121] Remote I/O error
Problem with light sensor 2 or 3: [Errno 121] Remote I/O error
0.0 0
Problem with light sensor 1: [Errno 121] Remote I/O error
Problem with light sensor 2 or 3: [Errno 121] Remote I/O error
0.0 0
Problem with light sensor 1: [Errno 121] Remote I/O error
Problem with light sensor 2 or 3: [Errno 121] Remote I/O error
0.0 0
Problem with light sensor 1: [Errno 121] Remote I/O error
Problem with light sensor 2 or 3: [Errno 121] Remote I/O error
0.0 0
Problem with light sensor 1: [Errno 121] Remote I/O error
Problem with light sensor 2 or 3: [Errno 121] Remote I/O error
0.0 0
Problem with light sensor 1: [Errno 121] Remote I/O error
Problem with light sensor 2 or 3: [Errno 121] Remote I/O error
0.0 0
Problem with light sensor 1: [Errno 121] Remote I/O error
Problem with light sensor 2 or 3: [Errno 121] Remote I/O error
0.0 0
Problem with light sensor 1: [Errno 121] Remote I/O error
Problem with light sensor 2 or 3: [Errno 121] Remote I/O error
0.0 0
Problem with light sensor 1: [Errno 121] Remote I/O error
Problem with light sensor 2 or 3: [Errno 121] Remote I/O error
0.0 0
Problem with light sensor 1: [Errno 121] Remote I/O error
Problem with light sensor 2 or 3: [Errno 121] Remote I/O error
0.0 0
Problem with light sensor 1: [Errno 121] Remote I/O error
Problem with light sensor 2 or 3: [Errno 121] Remote I/O error
0.0 0
Problem with light sensor 1: [Errno 121] Remote I/O error
Problem with light sensor 2 or 3: [Errno 121] Remote I/O error
0.0 0
Problem with light sensor 1: [Errno 121] Remote I/O error
Problem with light sensor 2 or 3: [Errno 121] Remote I/O error
0.0 0
Problem with light sensor 1: [Errno 121] Remote I/O error
Problem with light sensor 2 or 3: [Errno 121] Remote I/O error
0.0 0
Problem with light sensor 1: [Errno 121] Remote I/O error
Problem with light sensor 2 or 3: [Errno 121] Remote I/O error
0.0 0
Problem with light sensor 1: [Errno 121] Remote I/O error
Problem with light sensor 2 or 3: [Errno 121] Remote I/O error
0.0 0
Problem with camera: Camera is not enabled. Try running 'sudo raspi-config' and ensure that the camera has been enabled.
Luminance at sensors (lux): 0 0 0
Solar panel voltage: 0.612V
Pressure: 956.03hPa, temperature: 19.66°C, humidity: 35.0%
Altitude: 487.66m, Speed: 0.0m/s, Average speed: 0.11m/s
Acceleration: 0.0m/s^2, Average acceleration: 0.0m/s^2
Rate of rotation (°/s): 38.45038167938932x 1.6564885496183206y 0.6183206106870229z
Static Acceleration (m/s^2): 0.5985504150390625x 6.179434484863281y -9.18655177001953z
Angle of rotation (°): 33.87x -3.09y
Problem with light sensor 1: [Errno 121] Remote I/O error
Problem with light sensor 2 or 3: [Errno 121] Remote I/O error
0.0 0
Problem with light sensor 1: [Errno 121] Remote I/O error
Problem with light sensor 2 or 3: [Errno 121] Remote I/O error
0.0 0
Problem with light sensor 1: [Errno 121] Remote I/O error
Problem with light sensor 2 or 3: [Errno 121] Remote I/O error
0.0 0
Problem with light sensor 1: [Errno 121] Remote I/O error
Problem with light sensor 2 or 3: [Errno 121] Remote I/O error
0.0 0
Problem with light sensor 1: [Errno 121] Remote I/O error
Problem with light sensor 2 or 3: [Errno 121] Remote I/O error
0.0 0
Problem with light sensor 1: [Errno 121] Remote I/O error
Problem with light sensor 2 or 3: [Errno 121] Remote I/O error
0.0 0
Problem with light sensor 1: [Errno 121] Remote I/O error
Problem with light sensor 2 or 3: [Errno 121] Remote I/O error
0.0 0
Problem with light sensor 1: [Errno 121] Remote I/O error
Problem with light sensor 2 or 3: [Errno 121] Remote I/O error
0.0 0
Problem with light sensor 1: [Errno 121] Remote I/O error
Problem with light sensor 2 or 3: [Errno 121] Remote I/O error
0.0 0
Problem with light sensor 1: [Errno 121] Remote I/O error
Problem with light sensor 2 or 3: [Errno 121] Remote I/O error
0.0 0
Problem with light sensor 1: [Errno 121] Remote I/O error
Problem with light sensor 2 or 3: [Errno 121] Remote I/O errormmal: mmal_vc_component_create: failed to create component 'vc.ril.camera' (1:ENOMEM)
mmal: mmal_component_create_core: could not create component 'vc.ril.camera' (1)
mmal: mmal_vc_component_create: failed to create component 'vc.ril.camera' (1:ENOMEM)
mmal: mmal_component_create_core: could not create component 'vc.ril.camera' (1)

0.0 0
Problem with light sensor 1: [Errno 121] Remote I/O error
Problem with light sensor 2 or 3: [Errno 121] Remote I/O error
0.0 0
Problem with light sensor 1: [Errno 121] Remote I/O error
Problem with light sensor 2 or 3: [Errno 121] Remote I/O error
0.0 0
Problem with light sensor 1: [Errno 121] Remote I/O error
Problem with light sensor 2 or 3: [Errno 121] Remote I/O error
0.0 0
Problem with light sensor 1: [Errno 121] Remote I/O error
Problem with light sensor 2 or 3: [Errno 121] Remote I/O error
0.0 0
Problem with light sensor 1: [Errno 121] Remote I/O error
Problem with light sensor 2 or 3: [Errno 121] Remote I/O error
0.0 0
Problem with light sensor 1: [Errno 121] Remote I/O error
Problem with light sensor 2 or 3: [Errno 121] Remote I/O error
0.0 0
Problem with light sensor 1: [Errno 121] Remote I/O error
Problem with light sensor 2 or 3: [Errno 121] Remote I/O error
0.0 0
Problem with light sensor 1: [Errno 121] Remote I/O error
Problem with light sensor 2 or 3: [Errno 121] Remote I/O error
0.0 0
Problem with light sensor 1: [Errno 121] Remote I/O error
Problem with light sensor 2 or 3: [Errno 121] Remote I/O error
0.0 0
Problem with light sensor 1: [Errno 121] Remote I/O error
Problem with light sensor 2 or 3: [Errno 121] Remote I/O error
0.0 0
Problem with light sensor 1: [Errno 121] Remote I/O error
Problem with light sensor 2 or 3: [Errno 121] Remote I/O error
0.0 0
Problem with light sensor 1: [Errno 121] Remote I/O error
Problem with light sensor 2 or 3: [Errno 121] Remote I/O error
0.0 0
Problem with light sensor 1: [Errno 121] Remote I/O error
Problem with light sensor 2 or 3: [Errno 121] Remote I/O error
0.0 0
Problem with light sensor 1: [Errno 121] Remote I/O error
Problem with light sensor 2 or 3: [Errno 121] Remote I/O error
0.0 0
Problem with light sensor 1: [Errno 121] Remote I/O error
Problem with light sensor 2 or 3: [Errno 121] Remote I/O error
0.0 0
Problem with light sensor 1: [Errno 121] Remote I/O error
Problem with light sensor 2 or 3: [Errno 121] Remote I/O error
0.0 0
Problem with light sensor 1: [Errno 121] Remote I/O error
Problem with light sensor 2 or 3: [Errno 121] Remote I/O error
0.0 0
Problem with light sensor 1: [Errno 121] Remote I/O error
Problem with light sensor 2 or 3: [Errno 121] Remote I/O error
0.0 0
Problem with light sensor 1: [Errno 121] Remote I/O error
Problem with light sensor 2 or 3: [Errno 121] Remote I/O error
0.0 0
Problem with light sensor 1: [Errno 121] Remote I/O error
Problem with light sensor 2 or 3: [Errno 121] Remote I/O error
0.0 0
Problem with light sensor 1: [Errno 121] Remote I/O error
Problem with light sensor 2 or 3: [Errno 121] Remote I/O error
0.0 0
Problem with light sensor 1: [Errno 121] Remote I/O error
Problem with light sensor 2 or 3: [Errno 121] Remote I/O error
0.0 0
Problem with camera: Camera is not enabled. Try running 'sudo raspi-config' and ensure that the camera has been enabled.
Luminance at sensors (lux): 0 0 0
Solar panel voltage: 0.612V
Pressure: 956.04hPa, temperature: 19.67°C, humidity: 35.0%
Altitude: 487.57m, Speed: -0.18m/s, Average speed: -0.12m/s
Acceleration: -0.0m/s^2, Average acceleration: -0.0m/s^2
Rate of rotation (°/s): 39.48854961832061x 0.5038167938931297y 0.5725190839694656z
Static Acceleration (m/s^2): 0.4740519287109375x 6.007051965332031y -9.284714038085937z
Angle of rotation (°): 32.87x -2.45y
Problem with light sensor 1: [Errno 121] Remote I/O error
Problem with light sensor 2 or 3: [Errno 121] Remote I/O error
0.0 0
Problem with light sensor 1: [Errno 121] Remote I/O error
Problem with light sensor 2 or 3: [Errno 121] Remote I/O error
0.0 0
Problem with light sensor 1: [Errno 121] Remote I/O error
Problem with light sensor 2 or 3: [Errno 121] Remote I/O error
0.0 0
Problem with light sensor 1: [Errno 121] Remote I/O error
Problem with light sensor 2 or 3: [Errno 121] Remote I/O error
0.0 0
Problem with light sensor 1: [Errno 121] Remote I/O error
Problem with light sensor 2 or 3: [Errno 121] Remote I/O error
0.0 0
Problem with light sensor 1: [Errno 121] Remote I/O error
Problem with light sensor 2 or 3: [Errno 121] Remote I/O error
0.0 0
Problem with light sensor 1: [Errno 121] Remote I/O error
Problem with light sensor 2 or 3: [Errno 121] Remote I/O error
0.0 0
Problem with light sensor 1: [Errno 121] Remote I/O error
Problem with light sensor 2 or 3: [Errno 121] Remote I/O error
0.0 0
Problem with light sensor 1: [Errno 121] Remote I/O error
Problem with light sensor 2 or 3: [Errno 121] Remote I/O error
0.0 0
Problem with light sensor 1: [Errno 121] Remote I/O error
Problem with light sensor 2 or 3: [Errno 121] Remote I/O error
0.0 0
Problem with light sensor 1: [Errno 121] Remote I/O error
Problem with light sensor 2 or 3: [Errno 121] Remote I/O error
0.0 0
Problem with light sensor 1: [Errno 121] Remote I/O error
Problem with light sensor 2 or 3: [Errno 121] Remote I/O error
0.0 0
Problem with light sensor 1: [Errno 121] Remote I/O error
Problem with light sensor 2 or 3: [Errno 121] Remote I/O error
0.0 0
Problem with light sensor 1: [Errno 121] Remote I/O error
Problem with light sensor 2 or 3: [Errno 121] Remote I/O error
0.0 0
Problem with light sensor 1: [Errno 121] Remote I/O error
Problem with light sensor 2 or 3: [Errno 121] Remote I/O error
0.0 0
Problem with light sensor 1: [Errno 121] Remote I/O error
Problem with light sensor 2 or 3: [Errno 121] Remote I/O error
0.0 0
Problem with light sensor 1: [Errno 121] Remote I/O error
Problem with light sensor 2 or 3: [Errno 121] Remote I/O error
0.0 0
Problem with light sensor 1: [Errno 121] Remote I/O error
Problem with light sensor 2 or 3: [Errno 121] Remote I/O error
0.0 0
Problem with light sensor 1: [Errno 121] Remote I/O error
Problem with light sensor 2 or 3: [Errno 121] Remote I/O error
0.0 0
Problem with light sensor 1: [Errno 121] Remote I/O error
Problem with light sensor 2 or 3: [Errno 121] Remote I/O error
0.0 0
Problem with light sensor 1: [Errno 121] Remote I/O error
Problem with light sensor 2 or 3: [Errno 121] Remote I/O error
0.0 0
Problem with light sensor 1: [Errno 121] Remote I/O error
Problem with light sensor 2 or 3: [Errno 121] Remote I/O error
0.0 0
Problem with light sensor 1: [Errno 121] Remote I/O error
Problem with light sensor 2 or 3: [Errno 121] Remote I/O error
0.0 0
Problem with light sensor 1: [Errno 121] Remote I/O error
Problem with light sensor 2 or 3: [Errno 121] Remote I/O error
0.0 0
Problem with light sensor 1: [Errno 121] Remote I/O error
Problem with light sensor 2 or 3: [Errno 121] Remote I/O error
0.0 0
Problem with light sensor 1: [Errno 121] Remote I/O error
Problem with light sensor 2 or 3: [Errno 121] Remote I/O error
0.0 0
Problem with light sensor 1: [Errno 121] Remote I/O error
Problem with light sensor 2 or 3: [Errno 121] Remote I/O error
0.0 0
Problem with light sensor 1: [Errno 121] Remote I/O error
Problem with light sensor 2 or 3: [Errno 121] Remote I/O error
0.0 0
Problem with light sensor 1: [Errno 121] Remote I/O error
Problem with light sensor 2 or 3: [Errno 121] Remote I/O error
0.0 0
Problem with light sensor 1: [Errno 121] Remote I/O error
Problem with light sensor 2 or 3: [Errno 121] Remote I/O error
0.0 0
Problem with light sensor 1: [Errno 121] Remote I/O error
Problem with light sensor 2 or 3: [Errno 121] Remote I/O error
0.0 0
Problem with light sensor 1: [Errno 121] Remote I/O error
Problem with light sensor 2 or 3: [Errno 121] Remote I/O error
0.0 0
Problem with light sensor 1: [Errno 121] Remote I/O error
Problem with light sensor 2 or 3: [Errno 121] Remote I/O error
0.0 0
Problem with camera: Camera is not enabled. Try running 'sudo raspi-config' and ensure that the camera has been enabled.
Luminance at sensors (lux): 0 0 0
Solar panel voltage: 0.611V
Pressure: 956.02hPa, temperature: 19.65°C, humidity: 35.0%
Altitude: 487.75m, Speed: 0.36m/s, Average speed: -0.06m/s
Acceleration: 0.001m/s^2, Average acceleration: 0.0m/s^2
Problem with light sensor 1: [Errno 121] Remote I/O error
Rate of rotation (°/s): 37.83206106870229x 1.5954198473282444y 0.06870229007633588z
Static Acceleration (m/s^2): 0.5099649536132812x 6.248866333007812y -9.212887988281249z
Angle of rotation (°): 34.11x -2.62y
Problem with light sensor 2 or 3: [Errno 121] Remote I/O errormmal: mmal_vc_component_create: failed to create component 'vc.ril.camera' (1:ENOMEM)
mmal: mmal_component_create_core: could not create component 'vc.ril.camera' (1)

0.0 0
Problem with light sensor 1: [Errno 121] Remote I/O error
Problem with light sensor 2 or 3: [Errno 121] Remote I/O error
0.0 0
Problem with light sensor 1: [Errno 121] Remote I/O error
Problem with light sensor 2 or 3: [Errno 121] Remote I/O error
0.0 0
Problem with light sensor 1: [Errno 121] Remote I/O error
Problem with light sensor 2 or 3: [Errno 121] Remote I/O error
0.0 0
Problem with light sensor 1: [Errno 121] Remote I/O error
Problem with light sensor 2 or 3: [Errno 121] Remote I/O error
0.0 0
Problem with light sensor 1: [Errno 121] Remote I/O error
Problem with light sensor 2 or 3: [Errno 121] Remote I/O error
0.0 0
Problem with light sensor 1: [Errno 121] Remote I/O error
Problem with light sensor 2 or 3: [Errno 121] Remote I/O error
0.0 0
Problem with light sensor 1: [Errno 121] Remote I/O error
Problem with light sensor 2 or 3: [Errno 121] Remote I/O error
0.0 0
Problem with light sensor 1: [Errno 121] Remote I/O error
Problem with light sensor 2 or 3: [Errno 121] Remote I/O error
0.0 0
Problem with light sensor 1: [Errno 121] Remote I/O error
Problem with light sensor 2 or 3: [Errno 121] Remote I/O error
0.0 0
Problem with light sensor 1: [Errno 121] Remote I/O error
Problem with light sensor 2 or 3: [Errno 121] Remote I/O error
0.0 0
Problem with light sensor 1: [Errno 121] Remote I/O error
Problem with light sensor 2 or 3: [Errno 121] Remote I/O error
0.0 0
Problem with light sensor 1: [Errno 121] Remote I/O error
Problem with light sensor 2 or 3: [Errno 121] Remote I/O error
0.0 0
Problem with light sensor 1: [Errno 121] Remote I/O error
Problem with light sensor 2 or 3: [Errno 121] Remote I/O error
0.0 0
Problem with light sensor 1: [Errno 121] Remote I/O error
Problem with light sensor 2 or 3: [Errno 121] Remote I/O error
0.0 0
Problem with light sensor 1: [Errno 121] Remote I/O error
Problem with light sensor 2 or 3: [Errno 121] Remote I/O error
0.0 0
Problem with light sensor 1: [Errno 121] Remote I/O error
Problem with light sensor 2 or 3: [Errno 121] Remote I/O error
0.0 0
Problem with light sensor 1: [Errno 121] Remote I/O error
Problem with light sensor 2 or 3: [Errno 121] Remote I/O error
0.0 0
Problem with light sensor 1: [Errno 121] Remote I/O error
Problem with light sensor 2 or 3: [Errno 121] Remote I/O error
0.0 0
Problem with light sensor 1: [Errno 121] Remote I/O error
Problem with light sensor 2 or 3: [Errno 121] Remote I/O error
0.0 0
Problem with light sensor 1: [Errno 121] Remote I/O error
Problem with light sensor 2 or 3: [Errno 121] Remote I/O error
0.0 0
Problem with light sensor 1: [Errno 121] Remote I/O error
Problem with light sensor 2 or 3: [Errno 121] Remote I/O error
0.0 0
Problem with light sensor 1: [Errno 121] Remote I/O error
Problem with light sensor 2 or 3: [Errno 121] Remote I/O error
0.0 0
Problem with light sensor 1: [Errno 121] Remote I/O error
Problem with light sensor 2 or 3: [Errno 121] Remote I/O error
0.0 0
Problem with light sensor 1: [Errno 121] Remote I/O error
Problem with light sensor 2 or 3: [Errno 121] Remote I/O error
0.0 0
Problem with light sensor 1: [Errno 121] Remote I/O error
Problem with light sensor 2 or 3: [Errno 121] Remote I/O error
0.0 0
Problem with light sensor 1: [Errno 121] Remote I/O error
Problem with light sensor 2 or 3: [Errno 121] Remote I/O error
0.0 0
Problem with light sensor 1: [Errno 121] Remote I/O error
Problem with light sensor 2 or 3: [Errno 121] Remote I/O error
0.0 0
Problem with light sensor 1: [Errno 121] Remote I/O error
Problem with light sensor 2 or 3: [Errno 121] Remote I/O error
0.0 0
Problem with light sensor 1: [Errno 121] Remote I/O error
Problem with light sensor 2 or 3: [Errno 121] Remote I/O error
0.0 0
Problem with light sensor 1: [Errno 121] Remote I/O error
Problem with light sensor 2 or 3: [Errno 121] Remote I/O error
0.0 0
Problem with light sensor 1: [Errno 121] Remote I/O error
Problem with light sensor 2 or 3: [Errno 121] Remote I/O error
0.0 0
Problem with light sensor 1: [Errno 121] Remote I/O error
Problem with camera: Camera is not enabled. Try running 'sudo raspi-config' and ensure that the camera has been enabled.
Luminance at sensors (lux): 0 0 0
Solar panel voltage: 0.611V
Pressure: 955.98hPa, temperature: 19.63°C, humidity: 35.0%
Altitude: 488.1m, Speed: 0.7m/s, Average speed: 0.06m/s
Acceleration: 0.001m/s^2, Average acceleration: 0.0m/s^2
Rate of rotation (°/s): 41.48091603053435x 0.4961832061068702y 1.1908396946564885z
Static Acceleration (m/s^2): 0.5339069702148437x 6.174646081542968y -9.275137231445312z
Angle of rotation (°): 33.61x -2.74y
Problem with light sensor 2 or 3: [Errno 121] Remote I/O error
0.0 0
Problem with light sensor 1: [Errno 121] Remote I/O error
Problem with light sensor 2 or 3: [Errno 121] Remote I/O error
0.0 0
Problem with light sensor 1: [Errno 121] Remote I/O error
Problem with light sensor 2 or 3: [Errno 121] Remote I/O error
0.0 0
Problem with light sensor 1: [Errno 121] Remote I/O error
Problem with light sensor 2 or 3: [Errno 121] Remote I/O error
0.0 0
Problem with light sensor 1: [Errno 121] Remote I/O error
Problem with light sensor 2 or 3: [Errno 121] Remote I/O error
0.0 0
Problem with light sensor 1: [Errno 121] Remote I/O error
Problem with light sensor 2 or 3: [Errno 121] Remote I/O error
0.0 0
Problem with light sensor 1: [Errno 121] Remote I/O error
Problem with light sensor 2 or 3: [Errno 121] Remote I/O error
0.0 0
Problem with light sensor 1: [Errno 121] Remote I/O error
Problem with light sensor 2 or 3: [Errno 121] Remote I/O error
0.0 0
Problem with light sensor 1: [Errno 121] Remote I/O error
Problem with light sensor 2 or 3: [Errno 121] Remote I/O error
0.0 0
Problem with light sensor 1: [Errno 121] Remote I/O error
Problem with light sensor 2 or 3: [Errno 121] Remote I/O error
0.0 0
Problem with light sensor 1: [Errno 121] Remote I/O error
Problem with light sensor 2 or 3: [Errno 121] Remote I/O error
0.0 0
Problem with light sensor 1: [Errno 121] Remote I/O error
Problem with light sensor 2 or 3: [Errno 121] Remote I/O error
0.0 0
Problem with light sensor 1: [Errno 121] Remote I/O error
Problem with light sensor 2 or 3: [Errno 121] Remote I/O error
0.0 0
Problem with light sensor 1: [Errno 121] Remote I/O error
Problem with light sensor 2 or 3: [Errno 121] Remote I/O error
0.0 0
Problem with light sensor 1: [Errno 121] Remote I/O error
Problem with light sensor 2 or 3: [Errno 121] Remote I/O error
0.0 0
Problem with light sensor 1: [Errno 121] Remote I/O error
Problem with light sensor 2 or 3: [Errno 121] Remote I/O error
0.0 0
Problem with light sensor 1: [Errno 121] Remote I/O error
Problem with light sensor 2 or 3: [Errno 121] Remote I/O error
0.0 0
Problem with light sensor 1: [Errno 121] Remote I/O error
Problem with light sensor 2 or 3: [Errno 121] Remote I/O error
0.0 0
Problem with light sensor 1: [Errno 121] Remote I/O error
Problem with light sensor 2 or 3: [Errno 121] Remote I/O error
0.0 0
Problem with light sensor 1: [Errno 121] Remote I/O error
Problem with light sensor 2 or 3: [Errno 121] Remote I/O error
0.0 0
Problem with light sensor 1: [Errno 121] Remote I/O error
Problem with light sensor 2 or 3: [Errno 121] Remote I/O error
0.0 0
Problem with light sensor 1: [Errno 121] Remote I/O error
Problem with light sensor 2 or 3: [Errno 121] Remote I/O error
0.0 0
Problem with light sensor 1: [Errno 121] Remote I/O error
Problem with light sensor 2 or 3: [Errno 121] Remote I/O error
0.0 0
Problem with light sensor 1: [Errno 121] Remote I/O error
Problem with light sensor 2 or 3: [Errno 121] Remote I/O error
0.0 0
Problem with light sensor 1: [Errno 121] Remote I/O error
Problem with light sensor 2 or 3: [Errno 121] Remote I/O error
0.0 0
Problem with light sensor 1: [Errno 121] Remote I/O error
Problem with light sensor 2 or 3: [Errno 121] Remote I/O error
0.0 0
Problem with light sensor 1: [Errno 121] Remote I/O error
Problem with light sensor 2 or 3: [Errno 121] Remote I/O error
0.0 0
Problem with light sensor 1: [Errno 121] Remote I/O error
Problem with light sensor 2 or 3: [Errno 121] Remote I/O error
0.0 0
Problem with light sensor 1: [Errno 121] Remote I/O error
Problem with light sensor 2 or 3: [Errno 121] Remote I/O error
0.0 0
mmal: mmal_vc_component_create: failed to create component 'vc.ril.camera' (1:ENOMEM)
mmal: mmal_component_create_core: could not create component 'vc.ril.camera' (1)
